{"/home/andreas/Schreibtisch/Programmieren/JS/ReactJS/react-course-university-of-helsinki/part5/notes/src/App.jsx": {"path":"/home/andreas/Schreibtisch/Programmieren/JS/ReactJS/react-course-university-of-helsinki/part5/notes/src/App.jsx","statementMap":{"0":{"start":{"line":11,"column":12},"end":{"line":133,"column":1}},"1":{"start":{"line":12,"column":28},"end":{"line":12,"column":40}},"2":{"start":{"line":13,"column":32},"end":{"line":13,"column":46}},"3":{"start":{"line":14,"column":42},"end":{"line":14,"column":56}},"4":{"start":{"line":16,"column":26},"end":{"line":16,"column":40}},"5":{"start":{"line":18,"column":34},"end":{"line":18,"column":46}},"6":{"start":{"line":19,"column":34},"end":{"line":19,"column":46}},"7":{"start":{"line":21,"column":22},"end":{"line":40,"column":3}},"8":{"start":{"line":22,"column":4},"end":{"line":22,"column":27}},"9":{"start":{"line":24,"column":4},"end":{"line":39,"column":5}},"10":{"start":{"line":25,"column":19},"end":{"line":28,"column":8}},"11":{"start":{"line":29,"column":6},"end":{"line":29,"column":77}},"12":{"start":{"line":30,"column":6},"end":{"line":30,"column":39}},"13":{"start":{"line":31,"column":6},"end":{"line":31,"column":20}},"14":{"start":{"line":32,"column":6},"end":{"line":32,"column":22}},"15":{"start":{"line":33,"column":6},"end":{"line":33,"column":22}},"16":{"start":{"line":35,"column":6},"end":{"line":35,"column":43}},"17":{"start":{"line":36,"column":6},"end":{"line":38,"column":15}},"18":{"start":{"line":37,"column":8},"end":{"line":37,"column":30}},"19":{"start":{"line":42,"column":2},"end":{"line":46,"column":9}},"20":{"start":{"line":43,"column":4},"end":{"line":45,"column":7}},"21":{"start":{"line":44,"column":6},"end":{"line":44,"column":29}},"22":{"start":{"line":48,"column":2},"end":{"line":55,"column":9}},"23":{"start":{"line":49,"column":27},"end":{"line":49,"column":75}},"24":{"start":{"line":50,"column":4},"end":{"line":54,"column":5}},"25":{"start":{"line":51,"column":19},"end":{"line":51,"column":45}},"26":{"start":{"line":52,"column":6},"end":{"line":52,"column":20}},"27":{"start":{"line":53,"column":6},"end":{"line":53,"column":39}},"28":{"start":{"line":57,"column":22},"end":{"line":57,"column":30}},"29":{"start":{"line":59,"column":18},"end":{"line":64,"column":3}},"30":{"start":{"line":60,"column":4},"end":{"line":60,"column":43}},"31":{"start":{"line":61,"column":4},"end":{"line":63,"column":7}},"32":{"start":{"line":62,"column":6},"end":{"line":62,"column":43}},"33":{"start":{"line":66,"column":29},"end":{"line":83,"column":3}},"34":{"start":{"line":67,"column":17},"end":{"line":67,"column":47}},"35":{"start":{"line":67,"column":35},"end":{"line":67,"column":46}},"36":{"start":{"line":68,"column":24},"end":{"line":68,"column":63}},"37":{"start":{"line":70,"column":4},"end":{"line":82,"column":9}},"38":{"start":{"line":73,"column":8},"end":{"line":73,"column":78}},"39":{"start":{"line":73,"column":38},"end":{"line":73,"column":74}},"40":{"start":{"line":76,"column":8},"end":{"line":78,"column":10}},"41":{"start":{"line":79,"column":8},"end":{"line":81,"column":17}},"42":{"start":{"line":80,"column":10},"end":{"line":80,"column":32}},"43":{"start":{"line":85,"column":22},"end":{"line":85,"column":78}},"44":{"start":{"line":85,"column":63},"end":{"line":85,"column":77}},"45":{"start":{"line":87,"column":2},"end":{"line":132,"column":4}},"46":{"start":{"line":98,"column":50},"end":{"line":98,"column":75}},"47":{"start":{"line":99,"column":50},"end":{"line":99,"column":75}},"48":{"start":{"line":116,"column":31},"end":{"line":116,"column":51}},"49":{"start":{"line":122,"column":10},"end":{"line":126,"column":12}},"50":{"start":{"line":125,"column":36},"end":{"line":125,"column":63}}},"fnMap":{"0":{"name":"(anonymous_0)","decl":{"start":{"line":11,"column":12},"end":{"line":11,"column":13}},"loc":{"start":{"line":11,"column":18},"end":{"line":133,"column":1}},"line":11},"1":{"name":"(anonymous_1)","decl":{"start":{"line":21,"column":22},"end":{"line":21,"column":23}},"loc":{"start":{"line":21,"column":39},"end":{"line":40,"column":3}},"line":21},"2":{"name":"(anonymous_2)","decl":{"start":{"line":36,"column":17},"end":{"line":36,"column":18}},"loc":{"start":{"line":36,"column":23},"end":{"line":38,"column":7}},"line":36},"3":{"name":"(anonymous_3)","decl":{"start":{"line":42,"column":12},"end":{"line":42,"column":13}},"loc":{"start":{"line":42,"column":18},"end":{"line":46,"column":3}},"line":42},"4":{"name":"(anonymous_4)","decl":{"start":{"line":43,"column":30},"end":{"line":43,"column":31}},"loc":{"start":{"line":43,"column":48},"end":{"line":45,"column":5}},"line":43},"5":{"name":"(anonymous_5)","decl":{"start":{"line":48,"column":12},"end":{"line":48,"column":13}},"loc":{"start":{"line":48,"column":18},"end":{"line":55,"column":3}},"line":48},"6":{"name":"(anonymous_6)","decl":{"start":{"line":59,"column":18},"end":{"line":59,"column":19}},"loc":{"start":{"line":59,"column":34},"end":{"line":64,"column":3}},"line":59},"7":{"name":"(anonymous_7)","decl":{"start":{"line":61,"column":40},"end":{"line":61,"column":41}},"loc":{"start":{"line":61,"column":58},"end":{"line":63,"column":5}},"line":61},"8":{"name":"(anonymous_8)","decl":{"start":{"line":66,"column":29},"end":{"line":66,"column":30}},"loc":{"start":{"line":66,"column":37},"end":{"line":83,"column":3}},"line":66},"9":{"name":"(anonymous_9)","decl":{"start":{"line":67,"column":28},"end":{"line":67,"column":29}},"loc":{"start":{"line":67,"column":35},"end":{"line":67,"column":46}},"line":67},"10":{"name":"(anonymous_10)","decl":{"start":{"line":72,"column":12},"end":{"line":72,"column":13}},"loc":{"start":{"line":72,"column":30},"end":{"line":74,"column":7}},"line":72},"11":{"name":"(anonymous_11)","decl":{"start":{"line":73,"column":27},"end":{"line":73,"column":28}},"loc":{"start":{"line":73,"column":38},"end":{"line":73,"column":74}},"line":73},"12":{"name":"(anonymous_12)","decl":{"start":{"line":75,"column":13},"end":{"line":75,"column":14}},"loc":{"start":{"line":75,"column":24},"end":{"line":82,"column":7}},"line":75},"13":{"name":"(anonymous_13)","decl":{"start":{"line":79,"column":19},"end":{"line":79,"column":20}},"loc":{"start":{"line":79,"column":25},"end":{"line":81,"column":9}},"line":79},"14":{"name":"(anonymous_14)","decl":{"start":{"line":85,"column":53},"end":{"line":85,"column":54}},"loc":{"start":{"line":85,"column":63},"end":{"line":85,"column":77}},"line":85},"15":{"name":"(anonymous_15)","decl":{"start":{"line":98,"column":34},"end":{"line":98,"column":35}},"loc":{"start":{"line":98,"column":50},"end":{"line":98,"column":75}},"line":98},"16":{"name":"(anonymous_16)","decl":{"start":{"line":99,"column":34},"end":{"line":99,"column":35}},"loc":{"start":{"line":99,"column":50},"end":{"line":99,"column":75}},"line":99},"17":{"name":"(anonymous_17)","decl":{"start":{"line":116,"column":25},"end":{"line":116,"column":26}},"loc":{"start":{"line":116,"column":31},"end":{"line":116,"column":51}},"line":116},"18":{"name":"(anonymous_18)","decl":{"start":{"line":121,"column":25},"end":{"line":121,"column":26}},"loc":{"start":{"line":122,"column":10},"end":{"line":126,"column":12}},"line":122},"19":{"name":"(anonymous_19)","decl":{"start":{"line":125,"column":30},"end":{"line":125,"column":31}},"loc":{"start":{"line":125,"column":36},"end":{"line":125,"column":63}},"line":125}},"branchMap":{"0":{"loc":{"start":{"line":50,"column":4},"end":{"line":54,"column":5}},"type":"if","locations":[{"start":{"line":50,"column":4},"end":{"line":54,"column":5}},{"start":{},"end":{}}],"line":50},"1":{"loc":{"start":{"line":73,"column":38},"end":{"line":73,"column":74}},"type":"cond-expr","locations":[{"start":{"line":73,"column":55},"end":{"line":73,"column":59}},{"start":{"line":73,"column":62},"end":{"line":73,"column":74}}],"line":73},"2":{"loc":{"start":{"line":85,"column":22},"end":{"line":85,"column":78}},"type":"cond-expr","locations":[{"start":{"line":85,"column":32},"end":{"line":85,"column":37}},{"start":{"line":85,"column":40},"end":{"line":85,"column":78}}],"line":85},"3":{"loc":{"start":{"line":93,"column":7},"end":{"line":103,"column":7}},"type":"binary-expr","locations":[{"start":{"line":93,"column":7},"end":{"line":93,"column":12}},{"start":{"line":94,"column":8},"end":{"line":102,"column":20}}],"line":93},"4":{"loc":{"start":{"line":104,"column":7},"end":{"line":113,"column":7}},"type":"binary-expr","locations":[{"start":{"line":104,"column":7},"end":{"line":104,"column":11}},{"start":{"line":105,"column":8},"end":{"line":112,"column":14}}],"line":104},"5":{"loc":{"start":{"line":117,"column":16},"end":{"line":117,"column":45}},"type":"cond-expr","locations":[{"start":{"line":117,"column":26},"end":{"line":117,"column":37}},{"start":{"line":117,"column":40},"end":{"line":117,"column":45}}],"line":117}},"s":{"0":0,"1":0,"2":0,"3":0,"4":0,"5":0,"6":0,"7":0,"8":0,"9":0,"10":0,"11":0,"12":0,"13":0,"14":0,"15":0,"16":0,"17":0,"18":0,"19":0,"20":0,"21":0,"22":0,"23":0,"24":0,"25":0,"26":0,"27":0,"28":0,"29":0,"30":0,"31":0,"32":0,"33":0,"34":0,"35":0,"36":0,"37":0,"38":0,"39":0,"40":0,"41":0,"42":0,"43":0,"44":0,"45":0,"46":0,"47":0,"48":0,"49":0,"50":0},"f":{"0":0,"1":0,"2":0,"3":0,"4":0,"5":0,"6":0,"7":0,"8":0,"9":0,"10":0,"11":0,"12":0,"13":0,"14":0,"15":0,"16":0,"17":0,"18":0,"19":0},"b":{"0":[0,0],"1":[0,0],"2":[0,0],"3":[0,0],"4":[0,0],"5":[0,0]}}
,"/home/andreas/Schreibtisch/Programmieren/JS/ReactJS/react-course-university-of-helsinki/part5/notes/src/main.jsx": {"path":"/home/andreas/Schreibtisch/Programmieren/JS/ReactJS/react-course-university-of-helsinki/part5/notes/src/main.jsx","statementMap":{"0":{"start":{"line":5,"column":0},"end":{"line":5,"column":69}}},"fnMap":{},"branchMap":{},"s":{"0":0},"f":{},"b":{}}
,"/home/andreas/Schreibtisch/Programmieren/JS/ReactJS/react-course-university-of-helsinki/part5/notes/src/components/Footer.jsx": {"path":"/home/andreas/Schreibtisch/Programmieren/JS/ReactJS/react-course-university-of-helsinki/part5/notes/src/components/Footer.jsx","statementMap":{"0":{"start":{"line":1,"column":15},"end":{"line":14,"column":1}},"1":{"start":{"line":2,"column":22},"end":{"line":6,"column":3}},"2":{"start":{"line":8,"column":2},"end":{"line":13,"column":3}}},"fnMap":{"0":{"name":"(anonymous_0)","decl":{"start":{"line":1,"column":15},"end":{"line":1,"column":16}},"loc":{"start":{"line":1,"column":21},"end":{"line":14,"column":1}},"line":1}},"branchMap":{},"s":{"0":0,"1":0,"2":0},"f":{"0":0},"b":{}}
,"/home/andreas/Schreibtisch/Programmieren/JS/ReactJS/react-course-university-of-helsinki/part5/notes/src/components/LoginForm.jsx": {"path":"/home/andreas/Schreibtisch/Programmieren/JS/ReactJS/react-course-university-of-helsinki/part5/notes/src/components/LoginForm.jsx","statementMap":{"0":{"start":{"line":3,"column":18},"end":{"line":39,"column":1}},"1":{"start":{"line":10,"column":2},"end":{"line":16,"column":4}},"2":{"start":{"line":18,"column":2},"end":{"line":38,"column":4}}},"fnMap":{"0":{"name":"(anonymous_0)","decl":{"start":{"line":3,"column":18},"end":{"line":3,"column":19}},"loc":{"start":{"line":9,"column":6},"end":{"line":39,"column":1}},"line":9}},"branchMap":{},"s":{"0":0,"1":0,"2":0},"f":{"0":0},"b":{}}
,"/home/andreas/Schreibtisch/Programmieren/JS/ReactJS/react-course-university-of-helsinki/part5/notes/src/components/Note.jsx": {"path":"/home/andreas/Schreibtisch/Programmieren/JS/ReactJS/react-course-university-of-helsinki/part5/notes/src/components/Note.jsx","statementMap":{"0":{"start":{"line":1,"column":13},"end":{"line":11,"column":1}},"1":{"start":{"line":2,"column":16},"end":{"line":3,"column":45}},"2":{"start":{"line":5,"column":2},"end":{"line":10,"column":3}}},"fnMap":{"0":{"name":"(anonymous_0)","decl":{"start":{"line":1,"column":13},"end":{"line":1,"column":14}},"loc":{"start":{"line":1,"column":45},"end":{"line":11,"column":1}},"line":1}},"branchMap":{"0":{"loc":{"start":{"line":2,"column":16},"end":{"line":3,"column":45}},"type":"cond-expr","locations":[{"start":{"line":3,"column":6},"end":{"line":3,"column":26}},{"start":{"line":3,"column":29},"end":{"line":3,"column":45}}],"line":2}},"s":{"0":1,"1":2,"2":2},"f":{"0":2},"b":{"0":[2,0]},"_coverageSchema":"1a1c01bbd47fc00a2c39e90264f33305004495a9","hash":"ecd350d113bd15d0ee4ac480d1c2be3458163954"}
,"/home/andreas/Schreibtisch/Programmieren/JS/ReactJS/react-course-university-of-helsinki/part5/notes/src/components/NoteForm.jsx": {"path":"/home/andreas/Schreibtisch/Programmieren/JS/ReactJS/react-course-university-of-helsinki/part5/notes/src/components/NoteForm.jsx","statementMap":{"0":{"start":{"line":3,"column":17},"end":{"line":34,"column":1}},"1":{"start":{"line":4,"column":32},"end":{"line":4,"column":44}},"2":{"start":{"line":6,"column":23},"end":{"line":8,"column":3}},"3":{"start":{"line":7,"column":4},"end":{"line":7,"column":35}},"4":{"start":{"line":10,"column":18},"end":{"line":18,"column":3}},"5":{"start":{"line":11,"column":4},"end":{"line":11,"column":27}},"6":{"start":{"line":12,"column":4},"end":{"line":15,"column":7}},"7":{"start":{"line":17,"column":4},"end":{"line":17,"column":19}},"8":{"start":{"line":20,"column":2},"end":{"line":33,"column":4}}},"fnMap":{"0":{"name":"(anonymous_0)","decl":{"start":{"line":3,"column":17},"end":{"line":3,"column":18}},"loc":{"start":{"line":3,"column":37},"end":{"line":34,"column":1}},"line":3},"1":{"name":"(anonymous_1)","decl":{"start":{"line":6,"column":23},"end":{"line":6,"column":24}},"loc":{"start":{"line":6,"column":34},"end":{"line":8,"column":3}},"line":6},"2":{"name":"(anonymous_2)","decl":{"start":{"line":10,"column":18},"end":{"line":10,"column":19}},"loc":{"start":{"line":10,"column":29},"end":{"line":18,"column":3}},"line":10}},"branchMap":{},"s":{"0":1,"1":4,"2":0,"3":0,"4":0,"5":0,"6":0,"7":0,"8":0},"f":{"0":4,"1":0,"2":0},"b":{},"_coverageSchema":"1a1c01bbd47fc00a2c39e90264f33305004495a9","hash":"97df8e1ec8076bee0d751789b292bcb68388063e"}
,"/home/andreas/Schreibtisch/Programmieren/JS/ReactJS/react-course-university-of-helsinki/part5/notes/src/components/Notification.jsx": {"path":"/home/andreas/Schreibtisch/Programmieren/JS/ReactJS/react-course-university-of-helsinki/part5/notes/src/components/Notification.jsx","statementMap":{"0":{"start":{"line":1,"column":21},"end":{"line":11,"column":1}},"1":{"start":{"line":2,"column":2},"end":{"line":4,"column":3}},"2":{"start":{"line":3,"column":4},"end":{"line":3,"column":15}},"3":{"start":{"line":6,"column":2},"end":{"line":10,"column":3}}},"fnMap":{"0":{"name":"(anonymous_0)","decl":{"start":{"line":1,"column":21},"end":{"line":1,"column":22}},"loc":{"start":{"line":1,"column":38},"end":{"line":11,"column":1}},"line":1}},"branchMap":{"0":{"loc":{"start":{"line":2,"column":2},"end":{"line":4,"column":3}},"type":"if","locations":[{"start":{"line":2,"column":2},"end":{"line":4,"column":3}},{"start":{},"end":{}}],"line":2}},"s":{"0":0,"1":0,"2":0,"3":0},"f":{"0":0},"b":{"0":[0,0]}}
,"/home/andreas/Schreibtisch/Programmieren/JS/ReactJS/react-course-university-of-helsinki/part5/notes/src/components/Togglable.jsx": {"path":"/home/andreas/Schreibtisch/Programmieren/JS/ReactJS/react-course-university-of-helsinki/part5/notes/src/components/Togglable.jsx","statementMap":{"0":{"start":{"line":3,"column":18},"end":{"line":30,"column":2}},"1":{"start":{"line":4,"column":32},"end":{"line":4,"column":47}},"2":{"start":{"line":6,"column":26},"end":{"line":6,"column":60}},"3":{"start":{"line":7,"column":26},"end":{"line":7,"column":60}},"4":{"start":{"line":9,"column":27},"end":{"line":11,"column":3}},"5":{"start":{"line":10,"column":4},"end":{"line":10,"column":25}},"6":{"start":{"line":13,"column":2},"end":{"line":17,"column":5}},"7":{"start":{"line":14,"column":4},"end":{"line":16,"column":6}},"8":{"start":{"line":19,"column":2},"end":{"line":29,"column":4}}},"fnMap":{"0":{"name":"(anonymous_0)","decl":{"start":{"line":3,"column":29},"end":{"line":3,"column":30}},"loc":{"start":{"line":3,"column":46},"end":{"line":30,"column":1}},"line":3},"1":{"name":"(anonymous_1)","decl":{"start":{"line":9,"column":27},"end":{"line":9,"column":28}},"loc":{"start":{"line":9,"column":33},"end":{"line":11,"column":3}},"line":9},"2":{"name":"(anonymous_2)","decl":{"start":{"line":13,"column":28},"end":{"line":13,"column":29}},"loc":{"start":{"line":13,"column":34},"end":{"line":17,"column":3}},"line":13}},"branchMap":{"0":{"loc":{"start":{"line":6,"column":37},"end":{"line":6,"column":58}},"type":"cond-expr","locations":[{"start":{"line":6,"column":47},"end":{"line":6,"column":53}},{"start":{"line":6,"column":56},"end":{"line":6,"column":58}}],"line":6},"1":{"loc":{"start":{"line":7,"column":37},"end":{"line":7,"column":58}},"type":"cond-expr","locations":[{"start":{"line":7,"column":47},"end":{"line":7,"column":49}},{"start":{"line":7,"column":52},"end":{"line":7,"column":58}}],"line":7}},"s":{"0":1,"1":17,"2":0,"3":0,"4":0,"5":0,"6":0,"7":0,"8":0},"f":{"0":17,"1":0,"2":0},"b":{"0":[0,0],"1":[0,0]},"_coverageSchema":"1a1c01bbd47fc00a2c39e90264f33305004495a9","hash":"8c9e6ee6f5594eef56956574b20fd98481ff3dd8"}
,"/home/andreas/Schreibtisch/Programmieren/JS/ReactJS/react-course-university-of-helsinki/part5/notes/src/services/login.js": {"path":"/home/andreas/Schreibtisch/Programmieren/JS/ReactJS/react-course-university-of-helsinki/part5/notes/src/services/login.js","statementMap":{"0":{"start":{"line":2,"column":16},"end":{"line":2,"column":28}},"1":{"start":{"line":4,"column":14},"end":{"line":7,"column":1}},"2":{"start":{"line":5,"column":19},"end":{"line":5,"column":57}},"3":{"start":{"line":6,"column":2},"end":{"line":6,"column":23}}},"fnMap":{"0":{"name":"(anonymous_0)","decl":{"start":{"line":4,"column":14},"end":{"line":4,"column":15}},"loc":{"start":{"line":4,"column":37},"end":{"line":7,"column":1}},"line":4}},"branchMap":{},"s":{"0":0,"1":0,"2":0,"3":0},"f":{"0":0},"b":{}}
,"/home/andreas/Schreibtisch/Programmieren/JS/ReactJS/react-course-university-of-helsinki/part5/notes/src/services/notes.js": {"path":"/home/andreas/Schreibtisch/Programmieren/JS/ReactJS/react-course-university-of-helsinki/part5/notes/src/services/notes.js","statementMap":{"0":{"start":{"line":2,"column":16},"end":{"line":2,"column":28}},"1":{"start":{"line":4,"column":12},"end":{"line":4,"column":16}},"2":{"start":{"line":6,"column":17},"end":{"line":8,"column":1}},"3":{"start":{"line":7,"column":2},"end":{"line":7,"column":31}},"4":{"start":{"line":10,"column":15},"end":{"line":13,"column":1}},"5":{"start":{"line":11,"column":18},"end":{"line":11,"column":36}},"6":{"start":{"line":12,"column":2},"end":{"line":12,"column":51}},"7":{"start":{"line":12,"column":36},"end":{"line":12,"column":49}},"8":{"start":{"line":15,"column":15},"end":{"line":22,"column":1}},"9":{"start":{"line":16,"column":17},"end":{"line":18,"column":3}},"10":{"start":{"line":20,"column":19},"end":{"line":20,"column":63}},"11":{"start":{"line":21,"column":2},"end":{"line":21,"column":23}},"12":{"start":{"line":24,"column":15},"end":{"line":27,"column":1}},"13":{"start":{"line":25,"column":18},"end":{"line":25,"column":58}},"14":{"start":{"line":26,"column":2},"end":{"line":26,"column":51}},"15":{"start":{"line":26,"column":36},"end":{"line":26,"column":49}}},"fnMap":{"0":{"name":"(anonymous_0)","decl":{"start":{"line":6,"column":17},"end":{"line":6,"column":18}},"loc":{"start":{"line":6,"column":31},"end":{"line":8,"column":1}},"line":6},"1":{"name":"(anonymous_1)","decl":{"start":{"line":10,"column":15},"end":{"line":10,"column":16}},"loc":{"start":{"line":10,"column":21},"end":{"line":13,"column":1}},"line":10},"2":{"name":"(anonymous_2)","decl":{"start":{"line":12,"column":22},"end":{"line":12,"column":23}},"loc":{"start":{"line":12,"column":36},"end":{"line":12,"column":49}},"line":12},"3":{"name":"(anonymous_3)","decl":{"start":{"line":15,"column":15},"end":{"line":15,"column":16}},"loc":{"start":{"line":15,"column":36},"end":{"line":22,"column":1}},"line":15},"4":{"name":"(anonymous_4)","decl":{"start":{"line":24,"column":15},"end":{"line":24,"column":16}},"loc":{"start":{"line":24,"column":34},"end":{"line":27,"column":1}},"line":24},"5":{"name":"(anonymous_5)","decl":{"start":{"line":26,"column":22},"end":{"line":26,"column":23}},"loc":{"start":{"line":26,"column":36},"end":{"line":26,"column":49}},"line":26}},"branchMap":{},"s":{"0":0,"1":0,"2":0,"3":0,"4":0,"5":0,"6":0,"7":0,"8":0,"9":0,"10":0,"11":0,"12":0,"13":0,"14":0,"15":0},"f":{"0":0,"1":0,"2":0,"3":0,"4":0,"5":0},"b":{}}
}
